<?xml version="1.0" encoding="UTF-8"?>
<!-- Generated by org.testng.reporters.JUnitXMLReporter -->
<testsuite ignored="0" hostname="DESKTOP-ES7VNII" failures="3" tests="7" name="BankingApp Test" time="57.264" errors="0" timestamp="2024-09-09T11:41:10 IST">
  <testcase classname="com.inetbankingV1.testcases.TC_LoginTest_001" name="loginTest" time="2.252"/>
  <testcase classname="com.inetbankingV1.testcases.TC_Loginpage_002" name="loginDDT" time="8.48"/>
  <testcase classname="com.inetbankingV1.testcases.TC_Loginpage_002" name="loginDDT" time="6.512">
    <failure type="java.lang.AssertionError" message="expected [true] but found [false]">
      <![CDATA[java.lang.AssertionError: expected [true] but found [false]
at com.inetbankingV1.testcases.TC_Loginpage_002.loginDDT(TC_Loginpage_002.java:31)
at java.base/java.util.ArrayList.forEach(ArrayList.java:1597)
... Removed 29 stack frames]]>
    </failure>
  </testcase> <!-- loginDDT -->
  <testcase classname="com.inetbankingV1.testcases.TC_Loginpage_002" name="loginDDT" time="4.455">
    <failure type="java.lang.AssertionError" message="expected [true] but found [false]">
      <![CDATA[java.lang.AssertionError: expected [true] but found [false]
at com.inetbankingV1.testcases.TC_Loginpage_002.loginDDT(TC_Loginpage_002.java:31)
at java.base/java.util.ArrayList.forEach(ArrayList.java:1597)
... Removed 29 stack frames]]>
    </failure>
  </testcase> <!-- loginDDT -->
  <testcase classname="com.inetbankingV1.testcases.TC_Loginpage_002" name="loginDDT" time="4.936">
    <failure type="java.lang.AssertionError" message="expected [true] but found [false]">
      <![CDATA[java.lang.AssertionError: expected [true] but found [false]
at com.inetbankingV1.testcases.TC_Loginpage_002.loginDDT(TC_Loginpage_002.java:31)
at java.base/java.util.ArrayList.forEach(ArrayList.java:1597)
... Removed 29 stack frames]]>
    </failure>
  </testcase> <!-- loginDDT -->
  <testcase classname="com.inetbankingV1.testcases.TC_Loginpage_002" name="loginDDT" time="7.747"/>
  <testcase classname="com.inetbankingV1.testcases.TC_AddcustomerTest_003" name="addNewCustomer" time="9.981"/>
</testsuite> <!-- BankingApp Test -->
