<?xml version="1.0" encoding="UTF-8"?>
<!-- Generated by org.testng.reporters.JUnitXMLReporter -->
<testsuite ignored="0" hostname="DESKTOP-ES7VNII" failures="3" tests="7" name="BankingApp Test" time="59.423" errors="0" timestamp="2024-09-10T10:44:17 IST">
  <testcase classname="com.inetbankingV1.testcases.TC_LoginTest_001" name="loginTest" time="2.196"/>
  <testcase classname="com.inetbankingV1.testcases.TC_Loginpage_002" name="loginDDT" time="9.269"/>
  <testcase classname="com.inetbankingV1.testcases.TC_Loginpage_002" name="loginDDT" time="7.15">
    <failure type="java.lang.AssertionError" message="expected [true] but found [false]">
      <![CDATA[java.lang.AssertionError: expected [true] but found [false]
at com.inetbankingV1.testcases.TC_Loginpage_002.loginDDT(TC_Loginpage_002.java:31)
at java.base/java.util.ArrayList.forEach(ArrayList.java:1596)
... Removed 33 stack frames]]>
    </failure>
  </testcase> <!-- loginDDT -->
  <testcase classname="com.inetbankingV1.testcases.TC_Loginpage_002" name="loginDDT" time="4.416">
    <failure type="java.lang.AssertionError" message="expected [true] but found [false]">
      <![CDATA[java.lang.AssertionError: expected [true] but found [false]
at com.inetbankingV1.testcases.TC_Loginpage_002.loginDDT(TC_Loginpage_002.java:31)
at java.base/java.util.ArrayList.forEach(ArrayList.java:1596)
... Removed 33 stack frames]]>
    </failure>
  </testcase> <!-- loginDDT -->
  <testcase classname="com.inetbankingV1.testcases.TC_Loginpage_002" name="loginDDT" time="4.951">
    <failure type="java.lang.AssertionError" message="expected [true] but found [false]">
      <![CDATA[java.lang.AssertionError: expected [true] but found [false]
at com.inetbankingV1.testcases.TC_Loginpage_002.loginDDT(TC_Loginpage_002.java:31)
at java.base/java.util.ArrayList.forEach(ArrayList.java:1596)
... Removed 33 stack frames]]>
    </failure>
  </testcase> <!-- loginDDT -->
  <testcase classname="com.inetbankingV1.testcases.TC_Loginpage_002" name="loginDDT" time="7.521"/>
  <testcase classname="com.inetbankingV1.testcases.TC_AddcustomerTest_003" name="addNewCustomer" time="10.095"/>
</testsuite> <!-- BankingApp Test -->
