<?xml version="1.0" encoding="UTF-8"?>
<!-- Generated by org.testng.reporters.JUnitXMLReporter -->
<testsuite ignored="0" hostname="DESKTOP-ES7VNII" failures="3" tests="3" name="BankingApp Test(failed)" time="20.262" errors="0" timestamp="2024-09-09T11:58:15 IST">
  <testcase classname="com.inetbankingV1.testcases.TC_Loginpage_002" name="loginDDT" time="4.575">
    <failure type="java.lang.AssertionError" message="expected [true] but found [false]">
      <![CDATA[java.lang.AssertionError: expected [true] but found [false]
at com.inetbankingV1.testcases.TC_Loginpage_002.loginDDT(TC_Loginpage_002.java:31)
at java.base/java.util.ArrayList.forEach(ArrayList.java:1597)
... Removed 29 stack frames]]>
    </failure>
  </testcase> <!-- loginDDT -->
  <testcase classname="com.inetbankingV1.testcases.TC_Loginpage_002" name="loginDDT" time="4.987">
    <failure type="java.lang.AssertionError" message="expected [true] but found [false]">
      <![CDATA[java.lang.AssertionError: expected [true] but found [false]
at com.inetbankingV1.testcases.TC_Loginpage_002.loginDDT(TC_Loginpage_002.java:31)
at java.base/java.util.ArrayList.forEach(ArrayList.java:1597)
... Removed 29 stack frames]]>
    </failure>
  </testcase> <!-- loginDDT -->
  <testcase classname="com.inetbankingV1.testcases.TC_Loginpage_002" name="loginDDT" time="4.97">
    <failure type="java.lang.AssertionError" message="expected [true] but found [false]">
      <![CDATA[java.lang.AssertionError: expected [true] but found [false]
at com.inetbankingV1.testcases.TC_Loginpage_002.loginDDT(TC_Loginpage_002.java:31)
at java.base/java.util.ArrayList.forEach(ArrayList.java:1597)
... Removed 29 stack frames]]>
    </failure>
  </testcase> <!-- loginDDT -->
</testsuite> <!-- BankingApp Test(failed) -->
